============================= test session starts ==============================
platform darwin -- Python 3.13.9, pytest-8.4.2, pluggy-1.5.0
rootdir: /Users/harsha/Downloads/Sem 5/NLP/Case Study/MedNarrate-main/mednarrate-backend
configfile: pytest.ini
plugins: asyncio-1.4.0, anyio-4.10.0
asyncio: mode=Mode.AUTO, debug=False, asyncio_default_fixture_loop_scope=session, asyncio_default_test_loop_scope=session
collected 2 items

tests/test_breakglass_security.py FF                                     [100%]

=================================== FAILURES ===================================
_______________ test_sensitive_access_denied_with_expired_grant ________________

client = <httpx.AsyncClient object at 0x7008f32e40>
admin_requester = <app.models.user.User object at 0x7008f334d0>
admin_approver = <app.models.user.User object at 0x70091a11d0>
test_report = <app.models.report.Report object at 0x7008f33cb0>
db_session = <sqlalchemy.orm.session.AsyncSession object at 0x7008f31d30>

    @pytest.mark.asyncio
    async def test_sensitive_access_denied_with_expired_grant(client: AsyncClient, admin_requester: User, admin_approver: User, test_report, db_session: AsyncSession):
        """Scenario E: Access denied if grant is expired"""
        req_token = create_access_token(subject=str(admin_requester.id))
    
        # 1. Manually insert an EXPIRED grant
        now = datetime.now(timezone.utc).replace(tzinfo=None)
        expired_grant = SensitiveAccessGrant(
            id=uuid.uuid4(),
            admin_id=admin_requester.id,
            resource_type="medical_report",
            resource_id=str(test_report.id),
            reason="Testing expiration",
            created_at=now - timedelta(hours=5),
            status="active",
            approved_by_id=admin_approver.id,
            approved_at=now - timedelta(hours=5),
            expires_at=now - timedelta(hours=1)
        )
        db_session.add(expired_grant)
        await db_session.commit()
    
        # 2. Attempt to access
        resp = await client.get(
            f"/api/v1/admin/reports/{test_report.id}/sensitive",
            headers={"Authorization": f"Bearer {req_token}"}
        )
        assert resp.status_code == 403
>       assert "Active break-glass grant required" in resp.text
E       assert 'Active break-glass grant required' in '{"detail":"Sensitive access grant has expired. Request new access."}'
E        +  where '{"detail":"Sensitive access grant has expired. Request new access."}' = <Response [403 Forbidden]>.text

tests/test_breakglass_security.py:218: AssertionError
___________________________ test_audit_log_atomicity ___________________________
  + Exception Group Traceback (most recent call last):
  |   File "/opt/anaconda3/lib/python3.13/site-packages/starlette/_utils.py", line 85, in create_collapsing_task_group
  |     async with anyio.create_task_group() as tg:
  |                ~~~~~~~~~~~~~~~~~~~~~~~^^
  |   File "/opt/anaconda3/lib/python3.13/site-packages/anyio/_backends/_asyncio.py", line 772, in __aexit__
  |     raise BaseExceptionGroup(
  |         "unhandled errors in a TaskGroup", self._exceptions
  |     ) from None
  | ExceptionGroup: unhandled errors in a TaskGroup (1 sub-exception)
  +-+---------------- 1 ----------------
    | Traceback (most recent call last):
    |   File "/opt/anaconda3/lib/python3.13/site-packages/_pytest/runner.py", line 344, in from_call
    |     result: TResult | None = func()
    |                              ~~~~^^
    |   File "/opt/anaconda3/lib/python3.13/site-packages/_pytest/runner.py", line 246, in <lambda>
    |     lambda: runtest_hook(item=item, **kwds), when=when, reraise=reraise
    |             ~~~~~~~~~~~~^^^^^^^^^^^^^^^^^^^
    |   File "/opt/anaconda3/lib/python3.13/site-packages/pluggy/_hooks.py", line 513, in __call__
    |     return self._hookexec(self.name, self._hookimpls.copy(), kwargs, firstresult)
    |            ~~~~~~~~~~~~~~^^^^^^^^^^^^^^^^^^^^^^^^^^^^^^^^^^^^^^^^^^^^^^^^^^^^^^^^
    |   File "/opt/anaconda3/lib/python3.13/site-packages/pluggy/_manager.py", line 120, in _hookexec
    |     return self._inner_hookexec(hook_name, methods, kwargs, firstresult)
    |            ~~~~~~~~~~~~~~~~~~~~^^^^^^^^^^^^^^^^^^^^^^^^^^^^^^^^^^^^^^^^^
    |   File "/opt/anaconda3/lib/python3.13/site-packages/pluggy/_callers.py", line 139, in _multicall
    |     raise exception.with_traceback(exception.__traceback__)
    |   File "/opt/anaconda3/lib/python3.13/site-packages/pluggy/_callers.py", line 122, in _multicall
    |     teardown.throw(exception)  # type: ignore[union-attr]
    |     ~~~~~~~~~~~~~~^^^^^^^^^^^
    |   File "/opt/anaconda3/lib/python3.13/site-packages/_pytest/logging.py", line 850, in pytest_runtest_call
    |     yield
    |   File "/opt/anaconda3/lib/python3.13/site-packages/pluggy/_callers.py", line 122, in _multicall
    |     teardown.throw(exception)  # type: ignore[union-attr]
    |     ~~~~~~~~~~~~~~^^^^^^^^^^^
    |   File "/opt/anaconda3/lib/python3.13/site-packages/_pytest/capture.py", line 900, in pytest_runtest_call
    |     return (yield)
    |             ^^^^^
    |   File "/opt/anaconda3/lib/python3.13/site-packages/pluggy/_callers.py", line 122, in _multicall
    |     teardown.throw(exception)  # type: ignore[union-attr]
    |     ~~~~~~~~~~~~~~^^^^^^^^^^^
    |   File "/opt/anaconda3/lib/python3.13/site-packages/_pytest/skipping.py", line 263, in pytest_runtest_call
    |     return (yield)
    |             ^^^^^
    |   File "/opt/anaconda3/lib/python3.13/site-packages/pluggy/_callers.py", line 103, in _multicall
    |     res = hook_impl.function(*args)
    |   File "/opt/anaconda3/lib/python3.13/site-packages/_pytest/runner.py", line 178, in pytest_runtest_call
    |     item.runtest()
    |     ~~~~~~~~~~~~^^
    |   File "/opt/anaconda3/lib/python3.13/site-packages/pytest_asyncio/plugin.py", line 569, in runtest
    |     super().runtest()
    |     ~~~~~~~~~~~~~~~^^
    |   File "/opt/anaconda3/lib/python3.13/site-packages/_pytest/python.py", line 1671, in runtest
    |     self.ihook.pytest_pyfunc_call(pyfuncitem=self)
    |     ~~~~~~~~~~~~~~~~~~~~~~~~~~~~~^^^^^^^^^^^^^^^^^
    |   File "/opt/anaconda3/lib/python3.13/site-packages/pluggy/_hooks.py", line 513, in __call__
    |     return self._hookexec(self.name, self._hookimpls.copy(), kwargs, firstresult)
    |            ~~~~~~~~~~~~~~^^^^^^^^^^^^^^^^^^^^^^^^^^^^^^^^^^^^^^^^^^^^^^^^^^^^^^^^
    |   File "/opt/anaconda3/lib/python3.13/site-packages/pluggy/_manager.py", line 120, in _hookexec
    |     return self._inner_hookexec(hook_name, methods, kwargs, firstresult)
    |            ~~~~~~~~~~~~~~~~~~~~^^^^^^^^^^^^^^^^^^^^^^^^^^^^^^^^^^^^^^^^^
    |   File "/opt/anaconda3/lib/python3.13/site-packages/pluggy/_callers.py", line 182, in _multicall
    |     return outcome.get_result()
    |            ~~~~~~~~~~~~~~~~~~^^
    |   File "/opt/anaconda3/lib/python3.13/site-packages/pluggy/_result.py", line 100, in get_result
    |     raise exc.with_traceback(exc.__traceback__)
    |   File "/opt/anaconda3/lib/python3.13/site-packages/pluggy/_callers.py", line 103, in _multicall
    |     res = hook_impl.function(*args)
    |   File "/opt/anaconda3/lib/python3.13/site-packages/_pytest/python.py", line 157, in pytest_pyfunc_call
    |     result = testfunction(**testargs)
    |   File "/opt/anaconda3/lib/python3.13/site-packages/pytest_asyncio/plugin.py", line 905, in inner
    |     runner.run(coro, context=context)
    |     ~~~~~~~~~~^^^^^^^^^^^^^^^^^^^^^^^
    |   File "/opt/anaconda3/lib/python3.13/asyncio/runners.py", line 118, in run
    |     return self._loop.run_until_complete(task)
    |            ~~~~~~~~~~~~~~~~~~~~~~~~~~~~~^^^^^^
    |   File "/opt/anaconda3/lib/python3.13/asyncio/base_events.py", line 725, in run_until_complete
    |     return future.result()
    |            ~~~~~~~~~~~~~^^
    |   File "/Users/harsha/Downloads/Sem 5/NLP/Case Study/MedNarrate-main/mednarrate-backend/tests/test_breakglass_security.py", line 234, in test_audit_log_atomicity
    |     resp = await client.post(
    |            ^^^^^^^^^^^^^^^^^^
    |     ...<7 lines>...
    |     )
    |     ^
    |   File "/opt/anaconda3/lib/python3.13/site-packages/httpx/_client.py", line 1859, in post
    |     return await self.request(
    |            ^^^^^^^^^^^^^^^^^^^
    |     ...<13 lines>...
    |     )
    |     ^
    |   File "/opt/anaconda3/lib/python3.13/site-packages/httpx/_client.py", line 1540, in request
    |     return await self.send(request, auth=auth, follow_redirects=follow_redirects)
    |            ^^^^^^^^^^^^^^^^^^^^^^^^^^^^^^^^^^^^^^^^^^^^^^^^^^^^^^^^^^^^^^^^^^^^^^
    |   File "/opt/anaconda3/lib/python3.13/site-packages/httpx/_client.py", line 1629, in send
    |     response = await self._send_handling_auth(
    |                ^^^^^^^^^^^^^^^^^^^^^^^^^^^^^^^
    |     ...<4 lines>...
    |     )
    |     ^
    |   File "/opt/anaconda3/lib/python3.13/site-packages/httpx/_client.py", line 1657, in _send_handling_auth
    |     response = await self._send_handling_redirects(
    |                ^^^^^^^^^^^^^^^^^^^^^^^^^^^^^^^^^^^^
    |     ...<3 lines>...
    |     )
    |     ^
    |   File "/opt/anaconda3/lib/python3.13/site-packages/httpx/_client.py", line 1694, in _send_handling_redirects
    |     response = await self._send_single_request(request)
    |                ^^^^^^^^^^^^^^^^^^^^^^^^^^^^^^^^^^^^^^^^
    |   File "/opt/anaconda3/lib/python3.13/site-packages/httpx/_client.py", line 1730, in _send_single_request
    |     response = await transport.handle_async_request(request)
    |                ^^^^^^^^^^^^^^^^^^^^^^^^^^^^^^^^^^^^^^^^^^^^^
    |   File "/opt/anaconda3/lib/python3.13/site-packages/httpx/_transports/asgi.py", line 170, in handle_async_request
    |     await self.app(scope, receive, send)
    |   File "/opt/anaconda3/lib/python3.13/site-packages/fastapi/applications.py", line 1163, in __call__
    |     await super().__call__(scope, receive, send)
    |   File "/opt/anaconda3/lib/python3.13/site-packages/starlette/applications.py", line 96, in __call__
    |     await self.middleware_stack(scope, receive, send)
    |   File "/opt/anaconda3/lib/python3.13/site-packages/starlette/middleware/errors.py", line 186, in __call__
    |     raise exc
    |   File "/opt/anaconda3/lib/python3.13/site-packages/starlette/middleware/errors.py", line 164, in __call__
    |     await self.app(scope, receive, _send)
    |   File "/opt/anaconda3/lib/python3.13/site-packages/starlette/middleware/base.py", line 193, in __call__
    |     response = await self.dispatch_func(request, call_next)
    |                ^^^^^^^^^^^^^^^^^^^^^^^^^^^^^^^^^^^^^^^^^^^^
    |   File "/Users/harsha/Downloads/Sem 5/NLP/Case Study/MedNarrate-main/mednarrate-backend/app/main.py", line 101, in prompt_injection_middleware
    |     response = await call_next(request)
    |                ^^^^^^^^^^^^^^^^^^^^^^^^
    |   File "/opt/anaconda3/lib/python3.13/site-packages/starlette/middleware/base.py", line 168, in call_next
    |     raise app_exc from app_exc.__cause__ or app_exc.__context__
    |   File "/opt/anaconda3/lib/python3.13/site-packages/starlette/middleware/base.py", line 144, in coro
    |     await self.app(scope, receive_or_disconnect, send_no_error)
    |   File "/opt/anaconda3/lib/python3.13/site-packages/starlette/middleware/base.py", line 193, in __call__
    |     response = await self.dispatch_func(request, call_next)
    |                ^^^^^^^^^^^^^^^^^^^^^^^^^^^^^^^^^^^^^^^^^^^^
    |   File "/Users/harsha/Downloads/Sem 5/NLP/Case Study/MedNarrate-main/mednarrate-backend/app/main.py", line 69, in add_security_headers
    |     response = await call_next(request)
    |                ^^^^^^^^^^^^^^^^^^^^^^^^
    |   File "/opt/anaconda3/lib/python3.13/site-packages/starlette/middleware/base.py", line 168, in call_next
    |     raise app_exc from app_exc.__cause__ or app_exc.__context__
    |   File "/opt/anaconda3/lib/python3.13/site-packages/starlette/middleware/base.py", line 144, in coro
    |     await self.app(scope, receive_or_disconnect, send_no_error)
    |   File "/opt/anaconda3/lib/python3.13/site-packages/starlette/middleware/cors.py", line 88, in __call__
    |     await self.app(scope, receive, send)
    |   File "/opt/anaconda3/lib/python3.13/site-packages/starlette/middleware/base.py", line 193, in __call__
    |     response = await self.dispatch_func(request, call_next)
    |                ^^^^^^^^^^^^^^^^^^^^^^^^^^^^^^^^^^^^^^^^^^^^
    |   File "/Users/harsha/Downloads/Sem 5/NLP/Case Study/MedNarrate-main/mednarrate-backend/app/core/middleware.py", line 17, in dispatch
    |     response = await call_next(request)
    |                ^^^^^^^^^^^^^^^^^^^^^^^^
    |   File "/opt/anaconda3/lib/python3.13/site-packages/starlette/middleware/base.py", line 168, in call_next
    |     raise app_exc from app_exc.__cause__ or app_exc.__context__
    |   File "/opt/anaconda3/lib/python3.13/site-packages/starlette/middleware/base.py", line 144, in coro
    |     await self.app(scope, receive_or_disconnect, send_no_error)
    |   File "/opt/anaconda3/lib/python3.13/site-packages/starlette/middleware/exceptions.py", line 63, in __call__
    |     await wrap_app_handling_exceptions(self.app, conn)(scope, receive, send)
    |   File "/opt/anaconda3/lib/python3.13/site-packages/starlette/_exception_handler.py", line 53, in wrapped_app
    |     raise exc
    |   File "/opt/anaconda3/lib/python3.13/site-packages/starlette/_exception_handler.py", line 42, in wrapped_app
    |     await app(scope, receive, sender)
    |   File "/opt/anaconda3/lib/python3.13/site-packages/fastapi/middleware/asyncexitstack.py", line 18, in __call__
    |     await self.app(scope, receive, send)
    |   File "/opt/anaconda3/lib/python3.13/site-packages/starlette/routing.py", line 670, in __call__
    |     await self.middleware_stack(scope, receive, send)
    |   File "/opt/anaconda3/lib/python3.13/site-packages/fastapi/routing.py", line 2734, in app
    |     await route.handle(scope, receive, send)
    |   File "/opt/anaconda3/lib/python3.13/site-packages/fastapi/routing.py", line 1780, in handle
    |     await self.original_router.handle(scope, receive, send)
    |   File "/opt/anaconda3/lib/python3.13/site-packages/fastapi/routing.py", line 2789, in handle
    |     await included_router._handle_selected(scope, receive, send)
    |   File "/opt/anaconda3/lib/python3.13/site-packages/fastapi/routing.py", line 1791, in _handle_selected
    |     await route.handle(scope, receive, send)
    |   File "/opt/anaconda3/lib/python3.13/site-packages/fastapi/routing.py", line 1780, in handle
    |     await self.original_router.handle(scope, receive, send)
    |   File "/opt/anaconda3/lib/python3.13/site-packages/fastapi/routing.py", line 2789, in handle
    |     await included_router._handle_selected(scope, receive, send)
    |   File "/opt/anaconda3/lib/python3.13/site-packages/fastapi/routing.py", line 1791, in _handle_selected
    |     await route.handle(scope, receive, send)
    |   File "/opt/anaconda3/lib/python3.13/site-packages/fastapi/routing.py", line 1780, in handle
    |     await self.original_router.handle(scope, receive, send)
    |   File "/opt/anaconda3/lib/python3.13/site-packages/fastapi/routing.py", line 2789, in handle
    |     await included_router._handle_selected(scope, receive, send)
    |   File "/opt/anaconda3/lib/python3.13/site-packages/fastapi/routing.py", line 1800, in _handle_selected
    |     await original_route.handle(scope, receive, send)
    |   File "/opt/anaconda3/lib/python3.13/site-packages/fastapi/routing.py", line 1279, in handle
    |     await app(scope, receive, send)
    |   File "/opt/anaconda3/lib/python3.13/site-packages/fastapi/routing.py", line 158, in app
    |     await wrap_app_handling_exceptions(app, request)(scope, receive, send)
    |   File "/opt/anaconda3/lib/python3.13/site-packages/starlette/_exception_handler.py", line 53, in wrapped_app
    |     raise exc
    |   File "/opt/anaconda3/lib/python3.13/site-packages/starlette/_exception_handler.py", line 42, in wrapped_app
    |     await app(scope, receive, sender)
    |   File "/opt/anaconda3/lib/python3.13/site-packages/fastapi/routing.py", line 144, in app
    |     response = await f(request)
    |                ^^^^^^^^^^^^^^^^
    |   File "/opt/anaconda3/lib/python3.13/site-packages/fastapi/routing.py", line 706, in app
    |     raw_response = await run_endpoint_function(
    |                    ^^^^^^^^^^^^^^^^^^^^^^^^^^^^
    |     ...<3 lines>...
    |     )
    |     ^
    |   File "/opt/anaconda3/lib/python3.13/site-packages/fastapi/routing.py", line 352, in run_endpoint_function
    |     return await dependant.call(**values)
    |            ^^^^^^^^^^^^^^^^^^^^^^^^^^^^^^
    |   File "/Users/harsha/Downloads/Sem 5/NLP/Case Study/MedNarrate-main/mednarrate-backend/app/api/v1/admin_breakglass.py", line 134, in request_break_glass_access
    |     await db.commit()
    |   File "/opt/anaconda3/lib/python3.13/unittest/mock.py", line 2321, in _execute_mock_call
    |     raise effect
    | Exception: Simulated DB Failure
    +------------------------------------

The above exception was the direct cause of the following exception:

Traceback (most recent call last):
  File "/Users/harsha/Downloads/Sem 5/NLP/Case Study/MedNarrate-main/mednarrate-backend/tests/test_breakglass_security.py", line 234, in test_audit_log_atomicity
    resp = await client.post(
           ^^^^^^^^^^^^^^^^^^
    ...<7 lines>...
    )
    ^
  File "/opt/anaconda3/lib/python3.13/site-packages/httpx/_client.py", line 1859, in post
    return await self.request(
           ^^^^^^^^^^^^^^^^^^^
    ...<13 lines>...
    )
    ^
  File "/opt/anaconda3/lib/python3.13/site-packages/httpx/_client.py", line 1540, in request
    return await self.send(request, auth=auth, follow_redirects=follow_redirects)
           ^^^^^^^^^^^^^^^^^^^^^^^^^^^^^^^^^^^^^^^^^^^^^^^^^^^^^^^^^^^^^^^^^^^^^^
  File "/opt/anaconda3/lib/python3.13/site-packages/httpx/_client.py", line 1629, in send
    response = await self._send_handling_auth(
               ^^^^^^^^^^^^^^^^^^^^^^^^^^^^^^^
    ...<4 lines>...
    )
    ^
  File "/opt/anaconda3/lib/python3.13/site-packages/httpx/_client.py", line 1657, in _send_handling_auth
    response = await self._send_handling_redirects(
               ^^^^^^^^^^^^^^^^^^^^^^^^^^^^^^^^^^^^
    ...<3 lines>...
    )
    ^
  File "/opt/anaconda3/lib/python3.13/site-packages/httpx/_client.py", line 1694, in _send_handling_redirects
    response = await self._send_single_request(request)
               ^^^^^^^^^^^^^^^^^^^^^^^^^^^^^^^^^^^^^^^^
  File "/opt/anaconda3/lib/python3.13/site-packages/httpx/_client.py", line 1730, in _send_single_request
    response = await transport.handle_async_request(request)
               ^^^^^^^^^^^^^^^^^^^^^^^^^^^^^^^^^^^^^^^^^^^^^
  File "/opt/anaconda3/lib/python3.13/site-packages/httpx/_transports/asgi.py", line 170, in handle_async_request
    await self.app(scope, receive, send)
  File "/opt/anaconda3/lib/python3.13/site-packages/fastapi/applications.py", line 1163, in __call__
    await super().__call__(scope, receive, send)
  File "/opt/anaconda3/lib/python3.13/site-packages/starlette/applications.py", line 96, in __call__
    await self.middleware_stack(scope, receive, send)
  File "/opt/anaconda3/lib/python3.13/site-packages/starlette/middleware/errors.py", line 186, in __call__
    raise exc
  File "/opt/anaconda3/lib/python3.13/site-packages/starlette/middleware/errors.py", line 164, in __call__
    await self.app(scope, receive, _send)
  File "/opt/anaconda3/lib/python3.13/site-packages/starlette/middleware/base.py", line 193, in __call__
    response = await self.dispatch_func(request, call_next)
               ^^^^^^^^^^^^^^^^^^^^^^^^^^^^^^^^^^^^^^^^^^^^
  File "/Users/harsha/Downloads/Sem 5/NLP/Case Study/MedNarrate-main/mednarrate-backend/app/main.py", line 101, in prompt_injection_middleware
    response = await call_next(request)
               ^^^^^^^^^^^^^^^^^^^^^^^^
  File "/opt/anaconda3/lib/python3.13/site-packages/starlette/middleware/base.py", line 168, in call_next
    raise app_exc from app_exc.__cause__ or app_exc.__context__
  File "/opt/anaconda3/lib/python3.13/site-packages/starlette/middleware/base.py", line 144, in coro
    await self.app(scope, receive_or_disconnect, send_no_error)
  File "/opt/anaconda3/lib/python3.13/site-packages/starlette/middleware/base.py", line 193, in __call__
    response = await self.dispatch_func(request, call_next)
               ^^^^^^^^^^^^^^^^^^^^^^^^^^^^^^^^^^^^^^^^^^^^
  File "/Users/harsha/Downloads/Sem 5/NLP/Case Study/MedNarrate-main/mednarrate-backend/app/main.py", line 69, in add_security_headers
    response = await call_next(request)
               ^^^^^^^^^^^^^^^^^^^^^^^^
  File "/opt/anaconda3/lib/python3.13/site-packages/starlette/middleware/base.py", line 168, in call_next
    raise app_exc from app_exc.__cause__ or app_exc.__context__
  File "/opt/anaconda3/lib/python3.13/site-packages/starlette/middleware/base.py", line 144, in coro
    await self.app(scope, receive_or_disconnect, send_no_error)
  File "/opt/anaconda3/lib/python3.13/site-packages/starlette/middleware/cors.py", line 88, in __call__
    await self.app(scope, receive, send)
  File "/opt/anaconda3/lib/python3.13/site-packages/starlette/middleware/base.py", line 193, in __call__
    response = await self.dispatch_func(request, call_next)
               ^^^^^^^^^^^^^^^^^^^^^^^^^^^^^^^^^^^^^^^^^^^^
  File "/Users/harsha/Downloads/Sem 5/NLP/Case Study/MedNarrate-main/mednarrate-backend/app/core/middleware.py", line 17, in dispatch
    response = await call_next(request)
               ^^^^^^^^^^^^^^^^^^^^^^^^
  File "/opt/anaconda3/lib/python3.13/site-packages/starlette/middleware/base.py", line 168, in call_next
    raise app_exc from app_exc.__cause__ or app_exc.__context__
  File "/opt/anaconda3/lib/python3.13/site-packages/starlette/middleware/base.py", line 144, in coro
    await self.app(scope, receive_or_disconnect, send_no_error)
  File "/opt/anaconda3/lib/python3.13/site-packages/starlette/middleware/exceptions.py", line 63, in __call__
    await wrap_app_handling_exceptions(self.app, conn)(scope, receive, send)
  File "/opt/anaconda3/lib/python3.13/site-packages/starlette/_exception_handler.py", line 53, in wrapped_app
    raise exc
  File "/opt/anaconda3/lib/python3.13/site-packages/starlette/_exception_handler.py", line 42, in wrapped_app
    await app(scope, receive, sender)
  File "/opt/anaconda3/lib/python3.13/site-packages/fastapi/middleware/asyncexitstack.py", line 18, in __call__
    await self.app(scope, receive, send)
  File "/opt/anaconda3/lib/python3.13/site-packages/starlette/routing.py", line 670, in __call__
    await self.middleware_stack(scope, receive, send)
  File "/opt/anaconda3/lib/python3.13/site-packages/fastapi/routing.py", line 2734, in app
    await route.handle(scope, receive, send)
  File "/opt/anaconda3/lib/python3.13/site-packages/fastapi/routing.py", line 1780, in handle
    await self.original_router.handle(scope, receive, send)
  File "/opt/anaconda3/lib/python3.13/site-packages/fastapi/routing.py", line 2789, in handle
    await included_router._handle_selected(scope, receive, send)
  File "/opt/anaconda3/lib/python3.13/site-packages/fastapi/routing.py", line 1791, in _handle_selected
    await route.handle(scope, receive, send)
  File "/opt/anaconda3/lib/python3.13/site-packages/fastapi/routing.py", line 1780, in handle
    await self.original_router.handle(scope, receive, send)
  File "/opt/anaconda3/lib/python3.13/site-packages/fastapi/routing.py", line 2789, in handle
    await included_router._handle_selected(scope, receive, send)
  File "/opt/anaconda3/lib/python3.13/site-packages/fastapi/routing.py", line 1791, in _handle_selected
    await route.handle(scope, receive, send)
  File "/opt/anaconda3/lib/python3.13/site-packages/fastapi/routing.py", line 1780, in handle
    await self.original_router.handle(scope, receive, send)
  File "/opt/anaconda3/lib/python3.13/site-packages/fastapi/routing.py", line 2789, in handle
    await included_router._handle_selected(scope, receive, send)
  File "/opt/anaconda3/lib/python3.13/site-packages/fastapi/routing.py", line 1800, in _handle_selected
    await original_route.handle(scope, receive, send)
  File "/opt/anaconda3/lib/python3.13/site-packages/fastapi/routing.py", line 1279, in handle
    await app(scope, receive, send)
  File "/opt/anaconda3/lib/python3.13/site-packages/fastapi/routing.py", line 158, in app
    await wrap_app_handling_exceptions(app, request)(scope, receive, send)
  File "/opt/anaconda3/lib/python3.13/site-packages/starlette/_exception_handler.py", line 53, in wrapped_app
    raise exc
  File "/opt/anaconda3/lib/python3.13/site-packages/starlette/_exception_handler.py", line 42, in wrapped_app
    await app(scope, receive, sender)
  File "/opt/anaconda3/lib/python3.13/site-packages/fastapi/routing.py", line 144, in app
    response = await f(request)
               ^^^^^^^^^^^^^^^^
  File "/opt/anaconda3/lib/python3.13/site-packages/fastapi/routing.py", line 706, in app
    raw_response = await run_endpoint_function(
                   ^^^^^^^^^^^^^^^^^^^^^^^^^^^^
    ...<3 lines>...
    )
    ^
  File "/opt/anaconda3/lib/python3.13/site-packages/fastapi/routing.py", line 352, in run_endpoint_function
    return await dependant.call(**values)
           ^^^^^^^^^^^^^^^^^^^^^^^^^^^^^^
  File "/Users/harsha/Downloads/Sem 5/NLP/Case Study/MedNarrate-main/mednarrate-backend/app/api/v1/admin_breakglass.py", line 134, in request_break_glass_access
    await db.commit()
  File "/opt/anaconda3/lib/python3.13/unittest/mock.py", line 2321, in _execute_mock_call
    raise effect
Exception: Simulated DB Failure

The above exception was the direct cause of the following exception:

client = <httpx.AsyncClient object at 0x70091a1a90>
admin_requester = <app.models.user.User object at 0x70091a34d0>
db_session = <sqlalchemy.orm.session.AsyncSession object at 0x70091a2850>

    @pytest.mark.asyncio
    async def test_audit_log_atomicity(client: AsyncClient, admin_requester: User, db_session: AsyncSession):
        """Scenario F: Audit log is atomic with state change. Force failure."""
        from unittest.mock import patch
        from sqlalchemy.exc import IntegrityError
    
        req_token = create_access_token(subject=str(admin_requester.id))
    
        # Count initial audit logs
        res = await db_session.execute(select(func.count()).select_from(AdminAuditLog))
        initial_count = res.scalar()
    
        # Mock db.commit to raise an exception
        with patch("sqlalchemy.ext.asyncio.AsyncSession.commit", side_effect=Exception("Simulated DB Failure")):
>           resp = await client.post(
                "/api/v1/admin/break-glass/request",
                json={
                    "resource_type": "medical_report",
                    "resource_id": "rep_123",
                    "reason": "Emergency review"
                },
                headers={"Authorization": f"Bearer {req_token}"}
            )

tests/test_breakglass_security.py:234: 
_ _ _ _ _ _ _ _ _ _ _ _ _ _ _ _ _ _ _ _ _ _ _ _ _ _ _ _ _ _ _ _ _ _ _ _ _ _ _ _ 
/opt/anaconda3/lib/python3.13/site-packages/httpx/_client.py:1859: in post
    return await self.request(
/opt/anaconda3/lib/python3.13/site-packages/httpx/_client.py:1540: in request
    return await self.send(request, auth=auth, follow_redirects=follow_redirects)
           ^^^^^^^^^^^^^^^^^^^^^^^^^^^^^^^^^^^^^^^^^^^^^^^^^^^^^^^^^^^^^^^^^^^^^^
/opt/anaconda3/lib/python3.13/site-packages/httpx/_client.py:1629: in send
    response = await self._send_handling_auth(
/opt/anaconda3/lib/python3.13/site-packages/httpx/_client.py:1657: in _send_handling_auth
    response = await self._send_handling_redirects(
/opt/anaconda3/lib/python3.13/site-packages/httpx/_client.py:1694: in _send_handling_redirects
    response = await self._send_single_request(request)
               ^^^^^^^^^^^^^^^^^^^^^^^^^^^^^^^^^^^^^^^^
/opt/anaconda3/lib/python3.13/site-packages/httpx/_client.py:1730: in _send_single_request
    response = await transport.handle_async_request(request)
               ^^^^^^^^^^^^^^^^^^^^^^^^^^^^^^^^^^^^^^^^^^^^^
/opt/anaconda3/lib/python3.13/site-packages/httpx/_transports/asgi.py:170: in handle_async_request
    await self.app(scope, receive, send)
/opt/anaconda3/lib/python3.13/site-packages/fastapi/applications.py:1163: in __call__
    await super().__call__(scope, receive, send)
/opt/anaconda3/lib/python3.13/site-packages/starlette/applications.py:96: in __call__
    await self.middleware_stack(scope, receive, send)
/opt/anaconda3/lib/python3.13/site-packages/starlette/middleware/errors.py:186: in __call__
    raise exc
/opt/anaconda3/lib/python3.13/site-packages/starlette/middleware/errors.py:164: in __call__
    await self.app(scope, receive, _send)
/opt/anaconda3/lib/python3.13/site-packages/starlette/middleware/base.py:193: in __call__
    response = await self.dispatch_func(request, call_next)
               ^^^^^^^^^^^^^^^^^^^^^^^^^^^^^^^^^^^^^^^^^^^^
app/main.py:101: in prompt_injection_middleware
    response = await call_next(request)
               ^^^^^^^^^^^^^^^^^^^^^^^^
/opt/anaconda3/lib/python3.13/site-packages/starlette/middleware/base.py:168: in call_next
    raise app_exc from app_exc.__cause__ or app_exc.__context__
/opt/anaconda3/lib/python3.13/site-packages/starlette/middleware/base.py:144: in coro
    await self.app(scope, receive_or_disconnect, send_no_error)
/opt/anaconda3/lib/python3.13/site-packages/starlette/middleware/base.py:193: in __call__
    response = await self.dispatch_func(request, call_next)
               ^^^^^^^^^^^^^^^^^^^^^^^^^^^^^^^^^^^^^^^^^^^^
app/main.py:69: in add_security_headers
    response = await call_next(request)
               ^^^^^^^^^^^^^^^^^^^^^^^^
/opt/anaconda3/lib/python3.13/site-packages/starlette/middleware/base.py:168: in call_next
    raise app_exc from app_exc.__cause__ or app_exc.__context__
/opt/anaconda3/lib/python3.13/site-packages/starlette/middleware/base.py:144: in coro
    await self.app(scope, receive_or_disconnect, send_no_error)
/opt/anaconda3/lib/python3.13/site-packages/starlette/middleware/cors.py:88: in __call__
    await self.app(scope, receive, send)
/opt/anaconda3/lib/python3.13/site-packages/starlette/middleware/base.py:193: in __call__
    response = await self.dispatch_func(request, call_next)
               ^^^^^^^^^^^^^^^^^^^^^^^^^^^^^^^^^^^^^^^^^^^^
app/core/middleware.py:17: in dispatch
    response = await call_next(request)
               ^^^^^^^^^^^^^^^^^^^^^^^^
/opt/anaconda3/lib/python3.13/site-packages/starlette/middleware/base.py:168: in call_next
    raise app_exc from app_exc.__cause__ or app_exc.__context__
/opt/anaconda3/lib/python3.13/site-packages/starlette/middleware/base.py:144: in coro
    await self.app(scope, receive_or_disconnect, send_no_error)
/opt/anaconda3/lib/python3.13/site-packages/starlette/middleware/exceptions.py:63: in __call__
    await wrap_app_handling_exceptions(self.app, conn)(scope, receive, send)
/opt/anaconda3/lib/python3.13/site-packages/starlette/_exception_handler.py:53: in wrapped_app
    raise exc
/opt/anaconda3/lib/python3.13/site-packages/starlette/_exception_handler.py:42: in wrapped_app
    await app(scope, receive, sender)
/opt/anaconda3/lib/python3.13/site-packages/fastapi/middleware/asyncexitstack.py:18: in __call__
    await self.app(scope, receive, send)
/opt/anaconda3/lib/python3.13/site-packages/starlette/routing.py:670: in __call__
    await self.middleware_stack(scope, receive, send)
/opt/anaconda3/lib/python3.13/site-packages/fastapi/routing.py:2734: in app
    await route.handle(scope, receive, send)
/opt/anaconda3/lib/python3.13/site-packages/fastapi/routing.py:1780: in handle
    await self.original_router.handle(scope, receive, send)
/opt/anaconda3/lib/python3.13/site-packages/fastapi/routing.py:2789: in handle
    await included_router._handle_selected(scope, receive, send)
/opt/anaconda3/lib/python3.13/site-packages/fastapi/routing.py:1791: in _handle_selected
    await route.handle(scope, receive, send)
/opt/anaconda3/lib/python3.13/site-packages/fastapi/routing.py:1780: in handle
    await self.original_router.handle(scope, receive, send)
/opt/anaconda3/lib/python3.13/site-packages/fastapi/routing.py:2789: in handle
    await included_router._handle_selected(scope, receive, send)
/opt/anaconda3/lib/python3.13/site-packages/fastapi/routing.py:1791: in _handle_selected
    await route.handle(scope, receive, send)
/opt/anaconda3/lib/python3.13/site-packages/fastapi/routing.py:1780: in handle
    await self.original_router.handle(scope, receive, send)
/opt/anaconda3/lib/python3.13/site-packages/fastapi/routing.py:2789: in handle
    await included_router._handle_selected(scope, receive, send)
/opt/anaconda3/lib/python3.13/site-packages/fastapi/routing.py:1800: in _handle_selected
    await original_route.handle(scope, receive, send)
/opt/anaconda3/lib/python3.13/site-packages/fastapi/routing.py:1279: in handle
    await app(scope, receive, send)
/opt/anaconda3/lib/python3.13/site-packages/fastapi/routing.py:158: in app
    await wrap_app_handling_exceptions(app, request)(scope, receive, send)
/opt/anaconda3/lib/python3.13/site-packages/starlette/_exception_handler.py:53: in wrapped_app
    raise exc
/opt/anaconda3/lib/python3.13/site-packages/starlette/_exception_handler.py:42: in wrapped_app
    await app(scope, receive, sender)
/opt/anaconda3/lib/python3.13/site-packages/fastapi/routing.py:144: in app
    response = await f(request)
               ^^^^^^^^^^^^^^^^
/opt/anaconda3/lib/python3.13/site-packages/fastapi/routing.py:706: in app
    raw_response = await run_endpoint_function(
/opt/anaconda3/lib/python3.13/site-packages/fastapi/routing.py:352: in run_endpoint_function
    return await dependant.call(**values)
           ^^^^^^^^^^^^^^^^^^^^^^^^^^^^^^
app/api/v1/admin_breakglass.py:134: in request_break_glass_access
    await db.commit()
_ _ _ _ _ _ _ _ _ _ _ _ _ _ _ _ _ _ _ _ _ _ _ _ _ _ _ _ _ _ _ _ _ _ _ _ _ _ _ _ 

self = <AsyncMock name='commit' id='481189391936'>, args = (), kwargs = {}
_call = call(), effect = Exception('Simulated DB Failure')

    async def _execute_mock_call(self, /, *args, **kwargs):
        # This is nearly just like super(), except for special handling
        # of coroutines
    
        _call = _Call((args, kwargs), two=True)
        self.await_count += 1
        self.await_args = _call
        self.await_args_list.append(_call)
    
        effect = self.side_effect
        if effect is not None:
            if _is_exception(effect):
>               raise effect
E               Exception: Simulated DB Failure

/opt/anaconda3/lib/python3.13/unittest/mock.py:2321: Exception
------------------------------ Captured log call -------------------------------
ERROR    app.exceptions:exceptions.py:50 Unhandled exception on POST /api/v1/admin/break-glass/request (request_id=9e683975-2f68-43b0-85c0-755de2ee057c): Exception: Simulated DB Failure
  + Exception Group Traceback (most recent call last):
  |   File "/opt/anaconda3/lib/python3.13/site-packages/starlette/_utils.py", line 85, in create_collapsing_task_group
  |     async with anyio.create_task_group() as tg:
  |                ~~~~~~~~~~~~~~~~~~~~~~~^^
  |   File "/opt/anaconda3/lib/python3.13/site-packages/anyio/_backends/_asyncio.py", line 772, in __aexit__
  |     raise BaseExceptionGroup(
  |         "unhandled errors in a TaskGroup", self._exceptions
  |     ) from None
  | ExceptionGroup: unhandled errors in a TaskGroup (1 sub-exception)
  +-+---------------- 1 ----------------
    | Traceback (most recent call last):
    |   File "/opt/anaconda3/lib/python3.13/site-packages/starlette/middleware/errors.py", line 164, in __call__
    |     await self.app(scope, receive, _send)
    |   File "/opt/anaconda3/lib/python3.13/site-packages/starlette/middleware/base.py", line 193, in __call__
    |     response = await self.dispatch_func(request, call_next)
    |                ^^^^^^^^^^^^^^^^^^^^^^^^^^^^^^^^^^^^^^^^^^^^
    |   File "/Users/harsha/Downloads/Sem 5/NLP/Case Study/MedNarrate-main/mednarrate-backend/app/main.py", line 101, in prompt_injection_middleware
    |     response = await call_next(request)
    |                ^^^^^^^^^^^^^^^^^^^^^^^^
    |   File "/opt/anaconda3/lib/python3.13/site-packages/starlette/middleware/base.py", line 168, in call_next
    |     raise app_exc from app_exc.__cause__ or app_exc.__context__
    |   File "/opt/anaconda3/lib/python3.13/site-packages/starlette/middleware/base.py", line 144, in coro
    |     await self.app(scope, receive_or_disconnect, send_no_error)
    |   File "/opt/anaconda3/lib/python3.13/site-packages/starlette/middleware/base.py", line 193, in __call__
    |     response = await self.dispatch_func(request, call_next)
    |                ^^^^^^^^^^^^^^^^^^^^^^^^^^^^^^^^^^^^^^^^^^^^
    |   File "/Users/harsha/Downloads/Sem 5/NLP/Case Study/MedNarrate-main/mednarrate-backend/app/main.py", line 69, in add_security_headers
    |     response = await call_next(request)
    |                ^^^^^^^^^^^^^^^^^^^^^^^^
    |   File "/opt/anaconda3/lib/python3.13/site-packages/starlette/middleware/base.py", line 168, in call_next
    |     raise app_exc from app_exc.__cause__ or app_exc.__context__
    |   File "/opt/anaconda3/lib/python3.13/site-packages/starlette/middleware/base.py", line 144, in coro
    |     await self.app(scope, receive_or_disconnect, send_no_error)
    |   File "/opt/anaconda3/lib/python3.13/site-packages/starlette/middleware/cors.py", line 88, in __call__
    |     await self.app(scope, receive, send)
    |   File "/opt/anaconda3/lib/python3.13/site-packages/starlette/middleware/base.py", line 193, in __call__
    |     response = await self.dispatch_func(request, call_next)
    |                ^^^^^^^^^^^^^^^^^^^^^^^^^^^^^^^^^^^^^^^^^^^^
    |   File "/Users/harsha/Downloads/Sem 5/NLP/Case Study/MedNarrate-main/mednarrate-backend/app/core/middleware.py", line 17, in dispatch
    |     response = await call_next(request)
    |                ^^^^^^^^^^^^^^^^^^^^^^^^
    |   File "/opt/anaconda3/lib/python3.13/site-packages/starlette/middleware/base.py", line 168, in call_next
    |     raise app_exc from app_exc.__cause__ or app_exc.__context__
    |   File "/opt/anaconda3/lib/python3.13/site-packages/starlette/middleware/base.py", line 144, in coro
    |     await self.app(scope, receive_or_disconnect, send_no_error)
    |   File "/opt/anaconda3/lib/python3.13/site-packages/starlette/middleware/exceptions.py", line 63, in __call__
    |     await wrap_app_handling_exceptions(self.app, conn)(scope, receive, send)
    |   File "/opt/anaconda3/lib/python3.13/site-packages/starlette/_exception_handler.py", line 53, in wrapped_app
    |     raise exc
    |   File "/opt/anaconda3/lib/python3.13/site-packages/starlette/_exception_handler.py", line 42, in wrapped_app
    |     await app(scope, receive, sender)
    |   File "/opt/anaconda3/lib/python3.13/site-packages/fastapi/middleware/asyncexitstack.py", line 18, in __call__
    |     await self.app(scope, receive, send)
    |   File "/opt/anaconda3/lib/python3.13/site-packages/starlette/routing.py", line 670, in __call__
    |     await self.middleware_stack(scope, receive, send)
    |   File "/opt/anaconda3/lib/python3.13/site-packages/fastapi/routing.py", line 2734, in app
    |     await route.handle(scope, receive, send)
    |   File "/opt/anaconda3/lib/python3.13/site-packages/fastapi/routing.py", line 1780, in handle
    |     await self.original_router.handle(scope, receive, send)
    |   File "/opt/anaconda3/lib/python3.13/site-packages/fastapi/routing.py", line 2789, in handle
    |     await included_router._handle_selected(scope, receive, send)
    |   File "/opt/anaconda3/lib/python3.13/site-packages/fastapi/routing.py", line 1791, in _handle_selected
    |     await route.handle(scope, receive, send)
    |   File "/opt/anaconda3/lib/python3.13/site-packages/fastapi/routing.py", line 1780, in handle
    |     await self.original_router.handle(scope, receive, send)
    |   File "/opt/anaconda3/lib/python3.13/site-packages/fastapi/routing.py", line 2789, in handle
    |     await included_router._handle_selected(scope, receive, send)
    |   File "/opt/anaconda3/lib/python3.13/site-packages/fastapi/routing.py", line 1791, in _handle_selected
    |     await route.handle(scope, receive, send)
    |   File "/opt/anaconda3/lib/python3.13/site-packages/fastapi/routing.py", line 1780, in handle
    |     await self.original_router.handle(scope, receive, send)
    |   File "/opt/anaconda3/lib/python3.13/site-packages/fastapi/routing.py", line 2789, in handle
    |     await included_router._handle_selected(scope, receive, send)
    |   File "/opt/anaconda3/lib/python3.13/site-packages/fastapi/routing.py", line 1800, in _handle_selected
    |     await original_route.handle(scope, receive, send)
    |   File "/opt/anaconda3/lib/python3.13/site-packages/fastapi/routing.py", line 1279, in handle
    |     await app(scope, receive, send)
    |   File "/opt/anaconda3/lib/python3.13/site-packages/fastapi/routing.py", line 158, in app
    |     await wrap_app_handling_exceptions(app, request)(scope, receive, send)
    |   File "/opt/anaconda3/lib/python3.13/site-packages/starlette/_exception_handler.py", line 53, in wrapped_app
    |     raise exc
    |   File "/opt/anaconda3/lib/python3.13/site-packages/starlette/_exception_handler.py", line 42, in wrapped_app
    |     await app(scope, receive, sender)
    |   File "/opt/anaconda3/lib/python3.13/site-packages/fastapi/routing.py", line 144, in app
    |     response = await f(request)
    |                ^^^^^^^^^^^^^^^^
    |   File "/opt/anaconda3/lib/python3.13/site-packages/fastapi/routing.py", line 706, in app
    |     raw_response = await run_endpoint_function(
    |                    ^^^^^^^^^^^^^^^^^^^^^^^^^^^^
    |     ...<3 lines>...
    |     )
    |     ^
    |   File "/opt/anaconda3/lib/python3.13/site-packages/fastapi/routing.py", line 352, in run_endpoint_function
    |     return await dependant.call(**values)
    |            ^^^^^^^^^^^^^^^^^^^^^^^^^^^^^^
    |   File "/Users/harsha/Downloads/Sem 5/NLP/Case Study/MedNarrate-main/mednarrate-backend/app/api/v1/admin_breakglass.py", line 134, in request_break_glass_access
    |     await db.commit()
    |   File "/opt/anaconda3/lib/python3.13/unittest/mock.py", line 2321, in _execute_mock_call
    |     raise effect
    | Exception: Simulated DB Failure
    +------------------------------------

The above exception was the direct cause of the following exception:

Traceback (most recent call last):
  File "/opt/anaconda3/lib/python3.13/site-packages/starlette/middleware/errors.py", line 164, in __call__
    await self.app(scope, receive, _send)
  File "/opt/anaconda3/lib/python3.13/site-packages/starlette/middleware/base.py", line 193, in __call__
    response = await self.dispatch_func(request, call_next)
               ^^^^^^^^^^^^^^^^^^^^^^^^^^^^^^^^^^^^^^^^^^^^
  File "/Users/harsha/Downloads/Sem 5/NLP/Case Study/MedNarrate-main/mednarrate-backend/app/main.py", line 101, in prompt_injection_middleware
    response = await call_next(request)
               ^^^^^^^^^^^^^^^^^^^^^^^^
  File "/opt/anaconda3/lib/python3.13/site-packages/starlette/middleware/base.py", line 168, in call_next
    raise app_exc from app_exc.__cause__ or app_exc.__context__
  File "/opt/anaconda3/lib/python3.13/site-packages/starlette/middleware/base.py", line 144, in coro
    await self.app(scope, receive_or_disconnect, send_no_error)
  File "/opt/anaconda3/lib/python3.13/site-packages/starlette/middleware/base.py", line 193, in __call__
    response = await self.dispatch_func(request, call_next)
               ^^^^^^^^^^^^^^^^^^^^^^^^^^^^^^^^^^^^^^^^^^^^
  File "/Users/harsha/Downloads/Sem 5/NLP/Case Study/MedNarrate-main/mednarrate-backend/app/main.py", line 69, in add_security_headers
    response = await call_next(request)
               ^^^^^^^^^^^^^^^^^^^^^^^^
  File "/opt/anaconda3/lib/python3.13/site-packages/starlette/middleware/base.py", line 168, in call_next
    raise app_exc from app_exc.__cause__ or app_exc.__context__
  File "/opt/anaconda3/lib/python3.13/site-packages/starlette/middleware/base.py", line 144, in coro
    await self.app(scope, receive_or_disconnect, send_no_error)
  File "/opt/anaconda3/lib/python3.13/site-packages/starlette/middleware/cors.py", line 88, in __call__
    await self.app(scope, receive, send)
  File "/opt/anaconda3/lib/python3.13/site-packages/starlette/middleware/base.py", line 193, in __call__
    response = await self.dispatch_func(request, call_next)
               ^^^^^^^^^^^^^^^^^^^^^^^^^^^^^^^^^^^^^^^^^^^^
  File "/Users/harsha/Downloads/Sem 5/NLP/Case Study/MedNarrate-main/mednarrate-backend/app/core/middleware.py", line 17, in dispatch
    response = await call_next(request)
               ^^^^^^^^^^^^^^^^^^^^^^^^
  File "/opt/anaconda3/lib/python3.13/site-packages/starlette/middleware/base.py", line 168, in call_next
    raise app_exc from app_exc.__cause__ or app_exc.__context__
  File "/opt/anaconda3/lib/python3.13/site-packages/starlette/middleware/base.py", line 144, in coro
    await self.app(scope, receive_or_disconnect, send_no_error)
  File "/opt/anaconda3/lib/python3.13/site-packages/starlette/middleware/exceptions.py", line 63, in __call__
    await wrap_app_handling_exceptions(self.app, conn)(scope, receive, send)
  File "/opt/anaconda3/lib/python3.13/site-packages/starlette/_exception_handler.py", line 53, in wrapped_app
    raise exc
  File "/opt/anaconda3/lib/python3.13/site-packages/starlette/_exception_handler.py", line 42, in wrapped_app
    await app(scope, receive, sender)
  File "/opt/anaconda3/lib/python3.13/site-packages/fastapi/middleware/asyncexitstack.py", line 18, in __call__
    await self.app(scope, receive, send)
  File "/opt/anaconda3/lib/python3.13/site-packages/starlette/routing.py", line 670, in __call__
    await self.middleware_stack(scope, receive, send)
  File "/opt/anaconda3/lib/python3.13/site-packages/fastapi/routing.py", line 2734, in app
    await route.handle(scope, receive, send)
  File "/opt/anaconda3/lib/python3.13/site-packages/fastapi/routing.py", line 1780, in handle
    await self.original_router.handle(scope, receive, send)
  File "/opt/anaconda3/lib/python3.13/site-packages/fastapi/routing.py", line 2789, in handle
    await included_router._handle_selected(scope, receive, send)
  File "/opt/anaconda3/lib/python3.13/site-packages/fastapi/routing.py", line 1791, in _handle_selected
    await route.handle(scope, receive, send)
  File "/opt/anaconda3/lib/python3.13/site-packages/fastapi/routing.py", line 1780, in handle
    await self.original_router.handle(scope, receive, send)
  File "/opt/anaconda3/lib/python3.13/site-packages/fastapi/routing.py", line 2789, in handle
    await included_router._handle_selected(scope, receive, send)
  File "/opt/anaconda3/lib/python3.13/site-packages/fastapi/routing.py", line 1791, in _handle_selected
    await route.handle(scope, receive, send)
  File "/opt/anaconda3/lib/python3.13/site-packages/fastapi/routing.py", line 1780, in handle
    await self.original_router.handle(scope, receive, send)
  File "/opt/anaconda3/lib/python3.13/site-packages/fastapi/routing.py", line 2789, in handle
    await included_router._handle_selected(scope, receive, send)
  File "/opt/anaconda3/lib/python3.13/site-packages/fastapi/routing.py", line 1800, in _handle_selected
    await original_route.handle(scope, receive, send)
  File "/opt/anaconda3/lib/python3.13/site-packages/fastapi/routing.py", line 1279, in handle
    await app(scope, receive, send)
  File "/opt/anaconda3/lib/python3.13/site-packages/fastapi/routing.py", line 158, in app
    await wrap_app_handling_exceptions(app, request)(scope, receive, send)
  File "/opt/anaconda3/lib/python3.13/site-packages/starlette/_exception_handler.py", line 53, in wrapped_app
    raise exc
  File "/opt/anaconda3/lib/python3.13/site-packages/starlette/_exception_handler.py", line 42, in wrapped_app
    await app(scope, receive, sender)
  File "/opt/anaconda3/lib/python3.13/site-packages/fastapi/routing.py", line 144, in app
    response = await f(request)
               ^^^^^^^^^^^^^^^^
  File "/opt/anaconda3/lib/python3.13/site-packages/fastapi/routing.py", line 706, in app
    raw_response = await run_endpoint_function(
                   ^^^^^^^^^^^^^^^^^^^^^^^^^^^^
    ...<3 lines>...
    )
    ^
  File "/opt/anaconda3/lib/python3.13/site-packages/fastapi/routing.py", line 352, in run_endpoint_function
    return await dependant.call(**values)
           ^^^^^^^^^^^^^^^^^^^^^^^^^^^^^^
  File "/Users/harsha/Downloads/Sem 5/NLP/Case Study/MedNarrate-main/mednarrate-backend/app/api/v1/admin_breakglass.py", line 134, in request_break_glass_access
    await db.commit()
  File "/opt/anaconda3/lib/python3.13/unittest/mock.py", line 2321, in _execute_mock_call
    raise effect
Exception: Simulated DB Failure
=============================== warnings summary ===============================
app/core/config.py:3
  /Users/harsha/Downloads/Sem 5/NLP/Case Study/MedNarrate-main/mednarrate-backend/app/core/config.py:3: PydanticDeprecatedSince20: Support for class-based `config` is deprecated, use ConfigDict instead. Deprecated in Pydantic V2.0 to be removed in V3.0. See Pydantic V2 Migration Guide at https://errors.pydantic.dev/2.12/migration/
    class Settings(BaseSettings):

<frozen importlib._bootstrap>:488
<frozen importlib._bootstrap>:488
  <frozen importlib._bootstrap>:488: DeprecationWarning: builtin type SwigPyPacked has no __module__ attribute

<frozen importlib._bootstrap>:488
<frozen importlib._bootstrap>:488
  <frozen importlib._bootstrap>:488: DeprecationWarning: builtin type SwigPyObject has no __module__ attribute

<frozen importlib._bootstrap>:488
  <frozen importlib._bootstrap>:488: DeprecationWarning: builtin type swigvarlink has no __module__ attribute

app/services/rag.py:9
  /Users/harsha/Downloads/Sem 5/NLP/Case Study/MedNarrate-main/mednarrate-backend/app/services/rag.py:9: FutureWarning: 
  
  All support for the `google.generativeai` package has ended. It will no longer be receiving 
  updates or bug fixes. Please switch to the `google.genai` package as soon as possible.
  See README for more details:
  
  https://github.com/google-gemini/deprecated-generative-ai-python/blob/main/README.md
  
    import google.generativeai as genai

app/schemas/notification.py:19
  /Users/harsha/Downloads/Sem 5/NLP/Case Study/MedNarrate-main/mednarrate-backend/app/schemas/notification.py:19: PydanticDeprecatedSince20: Support for class-based `config` is deprecated, use ConfigDict instead. Deprecated in Pydantic V2.0 to be removed in V3.0. See Pydantic V2 Migration Guide at https://errors.pydantic.dev/2.12/migration/
    class MedicationScheduleOut(BaseModel):

app/api/v1/admin_breakglass.py:35
  /Users/harsha/Downloads/Sem 5/NLP/Case Study/MedNarrate-main/mednarrate-backend/app/api/v1/admin_breakglass.py:35: PydanticDeprecatedSince20: Using extra keyword arguments on `Field` is deprecated and will be removed. Use `json_schema_extra` instead. (Extra keys: 'example'). Deprecated in Pydantic V2.0 to be removed in V3.0. See Pydantic V2 Migration Guide at https://errors.pydantic.dev/2.12/migration/
    resource_type: str = Field(..., example="medical_report")

app/api/v1/admin_breakglass.py:36
  /Users/harsha/Downloads/Sem 5/NLP/Case Study/MedNarrate-main/mednarrate-backend/app/api/v1/admin_breakglass.py:36: PydanticDeprecatedSince20: Using extra keyword arguments on `Field` is deprecated and will be removed. Use `json_schema_extra` instead. (Extra keys: 'example'). Deprecated in Pydantic V2.0 to be removed in V3.0. See Pydantic V2 Migration Guide at https://errors.pydantic.dev/2.12/migration/
    resource_id: str = Field(..., example="rep_12345",

app/api/v1/admin_breakglass.py:38
  /Users/harsha/Downloads/Sem 5/NLP/Case Study/MedNarrate-main/mednarrate-backend/app/api/v1/admin_breakglass.py:38: PydanticDeprecatedSince20: Using extra keyword arguments on `Field` is deprecated and will be removed. Use `json_schema_extra` instead. (Extra keys: 'example'). Deprecated in Pydantic V2.0 to be removed in V3.0. See Pydantic V2 Migration Guide at https://errors.pydantic.dev/2.12/migration/
    reason: str = Field(..., min_length=10, example="Emergency clinical review requested by attending physician")

app/api/v1/admin_feature_flags.py:17
  /Users/harsha/Downloads/Sem 5/NLP/Case Study/MedNarrate-main/mednarrate-backend/app/api/v1/admin_feature_flags.py:17: PydanticDeprecatedSince20: Using extra keyword arguments on `Field` is deprecated and will be removed. Use `json_schema_extra` instead. (Extra keys: 'example'). Deprecated in Pydantic V2.0 to be removed in V3.0. See Pydantic V2 Migration Guide at https://errors.pydantic.dev/2.12/migration/
    name: str = Field(..., min_length=2, example="enable_ocr_v2")

app/api/v1/admin_feature_flags.py:21
  /Users/harsha/Downloads/Sem 5/NLP/Case Study/MedNarrate-main/mednarrate-backend/app/api/v1/admin_feature_flags.py:21: PydanticDeprecatedSince20: Using extra keyword arguments on `Field` is deprecated and will be removed. Use `json_schema_extra` instead. (Extra keys: 'example'). Deprecated in Pydantic V2.0 to be removed in V3.0. See Pydantic V2 Migration Guide at https://errors.pydantic.dev/2.12/migration/
    target_environment: str = Field(default="all", example="production")

app/api/v1/admin_ai_config.py:22
  /Users/harsha/Downloads/Sem 5/NLP/Case Study/MedNarrate-main/mednarrate-backend/app/api/v1/admin_ai_config.py:22: PydanticDeprecatedSince20: Using extra keyword arguments on `Field` is deprecated and will be removed. Use `json_schema_extra` instead. (Extra keys: 'example'). Deprecated in Pydantic V2.0 to be removed in V3.0. See Pydantic V2 Migration Guide at https://errors.pydantic.dev/2.12/migration/
    primary_provider: Optional[str] = Field(None, example="gemini")

app/api/v1/admin_ai_config.py:23
  /Users/harsha/Downloads/Sem 5/NLP/Case Study/MedNarrate-main/mednarrate-backend/app/api/v1/admin_ai_config.py:23: PydanticDeprecatedSince20: Using extra keyword arguments on `Field` is deprecated and will be removed. Use `json_schema_extra` instead. (Extra keys: 'example'). Deprecated in Pydantic V2.0 to be removed in V3.0. See Pydantic V2 Migration Guide at https://errors.pydantic.dev/2.12/migration/
    model_name: Optional[str] = Field(None, example="gemini-1.5-pro")

app/api/v1/admin_ai_config.py:26
  /Users/harsha/Downloads/Sem 5/NLP/Case Study/MedNarrate-main/mednarrate-backend/app/api/v1/admin_ai_config.py:26: PydanticDeprecatedSince20: Using extra keyword arguments on `Field` is deprecated and will be removed. Use `json_schema_extra` instead. (Extra keys: 'example'). Deprecated in Pydantic V2.0 to be removed in V3.0. See Pydantic V2 Migration Guide at https://errors.pydantic.dev/2.12/migration/
    fallback_provider: Optional[str] = Field(None, example="ollama")

app/api/v1/admin_settings.py:25
  /Users/harsha/Downloads/Sem 5/NLP/Case Study/MedNarrate-main/mednarrate-backend/app/api/v1/admin_settings.py:25: PydanticDeprecatedSince20: Using extra keyword arguments on `Field` is deprecated and will be removed. Use `json_schema_extra` instead. (Extra keys: 'example'). Deprecated in Pydantic V2.0 to be removed in V3.0. See Pydantic V2 Migration Guide at https://errors.pydantic.dev/2.12/migration/
    scope: str = Field(default="all", example="report_analysis") # all, report_analysis, chat, translation, notifications

app/api/v1/admin_settings.py:26
  /Users/harsha/Downloads/Sem 5/NLP/Case Study/MedNarrate-main/mednarrate-backend/app/api/v1/admin_settings.py:26: PydanticDeprecatedSince20: Using extra keyword arguments on `Field` is deprecated and will be removed. Use `json_schema_extra` instead. (Extra keys: 'example'). Deprecated in Pydantic V2.0 to be removed in V3.0. See Pydantic V2 Migration Guide at https://errors.pydantic.dev/2.12/migration/
    reason: Optional[str] = Field(None, example="Scheduled database maintenance")

app/api/v1/admin_settings.py:27
  /Users/harsha/Downloads/Sem 5/NLP/Case Study/MedNarrate-main/mednarrate-backend/app/api/v1/admin_settings.py:27: PydanticDeprecatedSince20: Using extra keyword arguments on `Field` is deprecated and will be removed. Use `json_schema_extra` instead. (Extra keys: 'example'). Deprecated in Pydantic V2.0 to be removed in V3.0. See Pydantic V2 Migration Guide at https://errors.pydantic.dev/2.12/migration/
    message: Optional[str] = Field(None, example="MedNarrate report processing is undergoing scheduled maintenance. Please try again shortly.")

app/api/v1/admin_announcements.py:19
  /Users/harsha/Downloads/Sem 5/NLP/Case Study/MedNarrate-main/mednarrate-backend/app/api/v1/admin_announcements.py:19: PydanticDeprecatedSince20: Using extra keyword arguments on `Field` is deprecated and will be removed. Use `json_schema_extra` instead. (Extra keys: 'example'). Deprecated in Pydantic V2.0 to be removed in V3.0. See Pydantic V2 Migration Guide at https://errors.pydantic.dev/2.12/migration/
    audience: str = Field(default="all", example="patients") # all, patients, doctors, caregivers

app/api/v1/admin_announcements.py:20
  /Users/harsha/Downloads/Sem 5/NLP/Case Study/MedNarrate-main/mednarrate-backend/app/api/v1/admin_announcements.py:20: PydanticDeprecatedSince20: Using extra keyword arguments on `Field` is deprecated and will be removed. Use `json_schema_extra` instead. (Extra keys: 'example'). Deprecated in Pydantic V2.0 to be removed in V3.0. See Pydantic V2 Migration Guide at https://errors.pydantic.dev/2.12/migration/
    language: str = Field(default="en", example="en")

app/api/v1/admin_announcements.py:23
  /Users/harsha/Downloads/Sem 5/NLP/Case Study/MedNarrate-main/mednarrate-backend/app/api/v1/admin_announcements.py:23: PydanticDeprecatedSince20: Using extra keyword arguments on `Field` is deprecated and will be removed. Use `json_schema_extra` instead. (Extra keys: 'example'). Deprecated in Pydantic V2.0 to be removed in V3.0. See Pydantic V2 Migration Guide at https://errors.pydantic.dev/2.12/migration/
    status: str = Field(default="published", example="published") # draft, scheduled, published, expired

tests/test_breakglass_security.py: 25 warnings
  /opt/anaconda3/lib/python3.13/site-packages/sqlalchemy/sql/schema.py:3624: DeprecationWarning: datetime.datetime.utcnow() is deprecated and scheduled for removal in a future version. Use timezone-aware objects to represent datetimes in UTC: datetime.datetime.now(datetime.UTC).
    return util.wrap_callable(lambda ctx: fn(), fn)  # type: ignore

-- Docs: https://docs.pytest.org/en/stable/how-to/capture-warnings.html
=========================== short test summary info ============================
FAILED tests/test_breakglass_security.py::test_sensitive_access_denied_with_expired_grant
FAILED tests/test_breakglass_security.py::test_audit_log_atomicity - Exceptio...
======================== 2 failed, 47 warnings in 0.35s ========================
